#
# There is insufficient memory for the Java Runtime Environment to continue.
# Native memory allocation (mmap) failed to map 132120576 bytes for G1 virtual space
# Possible reasons:
#   The system is out of physical RAM or swap space
#   The process is running with CompressedOops enabled, and the Java Heap may be blocking the growth of the native heap
# Possible solutions:
#   Reduce memory load on the system
#   Increase physical memory or swap space
#   Check if swap backing store is full
#   Decrease Java heap size (-Xmx/-Xms)
#   Decrease number of Java threads
#   Decrease Java thread stack sizes (-Xss)
#   Set larger code cache with -XX:ReservedCodeCacheSize=
#   JVM is running with Unscaled Compressed Oops mode in which the Java heap is
#     placed in the first 4GB address space. The Java Heap base address is the
#     maximum limit for the native heap growth. Please use -XX:HeapBaseMinAddress
#     to set the Java Heap base and to place the Java Heap above 4GB virtual address.
# This output file may be truncated or incomplete.
#
#  Out of Memory Error (os_windows.cpp:3825), pid=25436, tid=21756
#
# JRE version:  (17.0.9+7) (build )
# Java VM: OpenJDK 64-Bit Server VM (17.0.9+7-b1000.46, mixed mode, sharing, tiered, compressed oops, compressed class ptrs, g1 gc, windows-amd64)
# No core dump will be written. Minidumps are not enabled by default on client versions of Windows
#

---------------  S U M M A R Y ------------

Command Line: git4idea.http.GitAskPassApp Username for 'https://github.com': 

Host: Intel(R) Core(TM) i5-8265U CPU @ 1.60GHz, 8 cores, 7G,  Windows 11 , 64 bit Build 22621 (10.0.22621.4391)
Time: Mon Feb 10 23:58:11 2025 India Standard Time elapsed time: 0.040329 seconds (0d 0h 0m 0s)

---------------  T H R E A D  ---------------

Current thread (0x000001ce37d6e8d0):  JavaThread "Unknown thread" [_thread_in_vm, id=21756, stack(0x0000004c36000000,0x0000004c36100000)]

Stack: [0x0000004c36000000,0x0000004c36100000]
Native frames: (J=compiled Java code, j=interpreted, Vv=VM code, C=native code)
V  [jvm.dll+0x6886e9]
V  [jvm.dll+0x841e4a]
V  [jvm.dll+0x843a8e]
V  [jvm.dll+0x8440f3]
V  [jvm.dll+0x24c14f]
V  [jvm.dll+0x685499]
V  [jvm.dll+0x679c2a]
V  [jvm.dll+0x30cf9b]
V  [jvm.dll+0x314446]
V  [jvm.dll+0x36425e]
V  [jvm.dll+0x36448f]
V  [jvm.dll+0x2e2d68]
V  [jvm.dll+0x2e3cd4]
V  [jvm.dll+0x8129f1]
V  [jvm.dll+0x3720c1]
V  [jvm.dll+0x7f152c]
V  [jvm.dll+0x3f5d4f]
V  [jvm.dll+0x3f7981]
C  [jli.dll+0x528f]
C  [ucrtbase.dll+0x29333]
C  [KERNEL32.DLL+0x1259d]
C  [ntdll.dll+0x5af38]


---------------  P R O C E S S  ---------------

Threads class SMR info:
_java_thread_list=0x00007fff4aa2ef18, length=0, elements={
}

Java Threads: ( => current thread )

Other Threads:
  0x000001ce37dc81b0 GCTaskThread "GC Thread#0" [stack: 0x0000004c36100000,0x0000004c36200000] [id=25224]
  0x000001ce37dd8c80 ConcurrentGCThread "G1 Main Marker" [stack: 0x0000004c36200000,0x0000004c36300000] [id=22468]
  0x000001ce37dd96a0 ConcurrentGCThread "G1 Conc#0" [stack: 0x0000004c36300000,0x0000004c36400000] [id=24656]

[error occurred during error reporting (printing all threads), id 0xc0000005, EXCEPTION_ACCESS_VIOLATION (0xc0000005) at pc=0x00007fff4a1e3937]

VM state: not at safepoint (not fully initialized)

VM Mutex/Monitor currently owned by a thread:  ([mutex/lock_event])
[0x000001ce37d6dd70] Heap_lock - owner thread: 0x000001ce37d6e8d0

Heap address: 0x0000000082400000, size: 2012 MB, Compressed Oops mode: 32-bit

CDS archive(s) mapped at: [0x0000000000000000-0x0000000000000000-0x0000000000000000), size 0, SharedBaseAddress: 0x0000000800000000, ArchiveRelocationMode: 1.
Narrow klass base: 0x0000000000000000, Narrow klass shift: 0, Narrow klass range: 0x0

GC Precious Log:
<Empty>

Heap:
 garbage-first heap   total 0K, used 0K [0x0000000082400000, 0x0000000100000000)
  region size 1024K, 0 young (0K), 0 survivors (0K)
 Metaspace       used 0K, committed 0K, reserved 0K
  class space    used 0K, committed 0K, reserved 0K

Heap Regions: E=young(eden), S=young(survivor), O=old, HS=humongous(starts), HC=humongous(continues), CS=collection set, F=free, OA=open archive, CA=closed archive, TAMS=top-at-mark-start (previous, next)

Card table byte_map: [0x000001ce4ac00000,0x000001ce4aff0000] _byte_map_base: 0x000001ce4a7ee000

Marking Bits (Prev, Next): (CMBitMap*) 0x000001ce37dc87d0, (CMBitMap*) 0x000001ce37dc8810
 Prev Bits: [0x000001ce4b3e0000, 0x000001ce4d350000)
 Next Bits: [0x000001ce4d350000, 0x000001ce4f2c0000)

GC Heap History (0 events):
No events

Dll operation events (1 events):
Event: 0.026 Loaded shared library C:\Program Files\JetBrains\IntelliJ IDEA Community Edition 2023.2.5\jbr\bin\java.dll

Deoptimization events (0 events):
No events

Classes unloaded (0 events):
No events

Classes redefined (0 events):
No events

Internal exceptions (0 events):
No events

VM Operations (0 events):
No events

Events (0 events):
No events


Dynamic libraries:
0x00007ff7492b0000 - 0x00007ff7492ba000 	C:\Program Files\JetBrains\IntelliJ IDEA Community Edition 2023.2.5\jbr\bin\java.exe
0x00007fffae490000 - 0x00007fffae6a7000 	C:\WINDOWS\SYSTEM32\ntdll.dll
0x00007fffad350000 - 0x00007fffad414000 	C:\WINDOWS\System32\KERNEL32.DLL
0x00007fffab8a0000 - 0x00007fffabc5a000 	C:\WINDOWS\System32\KERNELBASE.dll
0x00007fffabe50000 - 0x00007fffabf61000 	C:\WINDOWS\System32\ucrtbase.dll
0x00007fff80790000 - 0x00007fff807ab000 	C:\Program Files\JetBrains\IntelliJ IDEA Community Edition 2023.2.5\jbr\bin\VCRUNTIME140.dll
0x00007fffa3370000 - 0x00007fffa3387000 	C:\Program Files\JetBrains\IntelliJ IDEA Community Edition 2023.2.5\jbr\bin\jli.dll
0x00007fffac340000 - 0x00007fffac4ee000 	C:\WINDOWS\System32\USER32.dll
0x00007fffac010000 - 0x00007fffac036000 	C:\WINDOWS\System32\win32u.dll
0x00007fffad520000 - 0x00007fffad549000 	C:\WINDOWS\System32\GDI32.dll
0x00007fffab780000 - 0x00007fffab89b000 	C:\WINDOWS\System32\gdi32full.dll
0x00007fff92c60000 - 0x00007fff92ef2000 	C:\WINDOWS\WinSxS\amd64_microsoft.windows.common-controls_6595b64144ccf1df_6.0.22621.4541_none_2710d1c57384c085\COMCTL32.dll
0x00007fffabf70000 - 0x00007fffac00a000 	C:\WINDOWS\System32\msvcp_win.dll
0x00007fffad550000 - 0x00007fffad5f7000 	C:\WINDOWS\System32\msvcrt.dll
0x00007fffacb20000 - 0x00007fffacb51000 	C:\WINDOWS\System32\IMM32.DLL
0x00007fff974f0000 - 0x00007fff974fc000 	C:\Program Files\JetBrains\IntelliJ IDEA Community Edition 2023.2.5\jbr\bin\vcruntime140_1.dll
0x00007fff65330000 - 0x00007fff653bd000 	C:\Program Files\JetBrains\IntelliJ IDEA Community Edition 2023.2.5\jbr\bin\msvcp140.dll
0x00007fff49ef0000 - 0x00007fff4ab73000 	C:\Program Files\JetBrains\IntelliJ IDEA Community Edition 2023.2.5\jbr\bin\server\jvm.dll
0x00007fffad290000 - 0x00007fffad342000 	C:\WINDOWS\System32\ADVAPI32.dll
0x00007fffad1e0000 - 0x00007fffad287000 	C:\WINDOWS\System32\sechost.dll
0x00007fffab750000 - 0x00007fffab778000 	C:\WINDOWS\System32\bcrypt.dll
0x00007fffad740000 - 0x00007fffad854000 	C:\WINDOWS\System32\RPCRT4.dll
0x00007fffa4d30000 - 0x00007fffa4d64000 	C:\WINDOWS\SYSTEM32\WINMM.dll
0x00007fff8db30000 - 0x00007fff8db39000 	C:\WINDOWS\SYSTEM32\WSOCK32.dll
0x00007fffa3ac0000 - 0x00007fffa3aca000 	C:\WINDOWS\SYSTEM32\VERSION.dll
0x00007fffad6c0000 - 0x00007fffad731000 	C:\WINDOWS\System32\WS2_32.dll
0x00007fffaafb0000 - 0x00007fffaaffd000 	C:\WINDOWS\SYSTEM32\POWRPROF.dll
0x00007fffaaf90000 - 0x00007fffaafa3000 	C:\WINDOWS\SYSTEM32\UMPDC.dll
0x00007fffaa6f0000 - 0x00007fffaa708000 	C:\WINDOWS\SYSTEM32\kernel.appcore.dll
0x00007fffa6a70000 - 0x00007fffa6a7a000 	C:\Program Files\JetBrains\IntelliJ IDEA Community Edition 2023.2.5\jbr\bin\jimage.dll
0x00007fffa9010000 - 0x00007fffa9242000 	C:\WINDOWS\SYSTEM32\DBGHELP.DLL
0x00007fffac780000 - 0x00007fffacb11000 	C:\WINDOWS\System32\combase.dll
0x00007fffacb60000 - 0x00007fffacc37000 	C:\WINDOWS\System32\OLEAUT32.dll
0x00007fff91610000 - 0x00007fff91642000 	C:\WINDOWS\SYSTEM32\dbgcore.DLL
0x00007fffac100000 - 0x00007fffac17b000 	C:\WINDOWS\System32\bcryptPrimitives.dll
0x00007fffa6880000 - 0x00007fffa68a5000 	C:\Program Files\JetBrains\IntelliJ IDEA Community Edition 2023.2.5\jbr\bin\java.dll

dbghelp: loaded successfully - version: 4.0.5 - missing functions: none
symbol engine: initialized successfully - sym options: 0x614 - pdb path: .;C:\Program Files\JetBrains\IntelliJ IDEA Community Edition 2023.2.5\jbr\bin;C:\WINDOWS\SYSTEM32;C:\WINDOWS\WinSxS\amd64_microsoft.windows.common-controls_6595b64144ccf1df_6.0.22621.4541_none_2710d1c57384c085;C:\Program Files\JetBrains\IntelliJ IDEA Community Edition 2023.2.5\jbr\bin\server

VM Arguments:
java_command: git4idea.http.GitAskPassApp Username for 'https://github.com': 
java_class_path (initial): C:/Program Files/JetBrains/IntelliJ IDEA Community Edition 2023.2.5/plugins/vcs-git/lib/git4idea-rt.jar;C:/Program Files/JetBrains/IntelliJ IDEA Community Edition 2023.2.5/lib/externalProcess-rt.jar
Launcher Type: SUN_STANDARD

[Global flags]
     intx CICompilerCount                          = 4                                         {product} {ergonomic}
     uint ConcGCThreads                            = 2                                         {product} {ergonomic}
     uint G1ConcRefinementThreads                  = 8                                         {product} {ergonomic}
   size_t G1HeapRegionSize                         = 1048576                                   {product} {ergonomic}
    uintx GCDrainStackTargetSize                   = 64                                        {product} {ergonomic}
   size_t InitialHeapSize                          = 132120576                                 {product} {ergonomic}
   size_t MarkStackSize                            = 4194304                                   {product} {ergonomic}
   size_t MaxHeapSize                              = 2109734912                                {product} {ergonomic}
   size_t MinHeapDeltaBytes                        = 1048576                                   {product} {ergonomic}
   size_t MinHeapSize                              = 8388608                                   {product} {ergonomic}
    uintx NonNMethodCodeHeapSize                   = 5839372                                {pd product} {ergonomic}
    uintx NonProfiledCodeHeapSize                  = 122909434                              {pd product} {ergonomic}
    uintx ProfiledCodeHeapSize                     = 122909434                              {pd product} {ergonomic}
    uintx ReservedCodeCacheSize                    = 251658240                              {pd product} {ergonomic}
     bool SegmentedCodeCache                       = true                                      {product} {ergonomic}
   size_t SoftMaxHeapSize                          = 2109734912                             {manageable} {ergonomic}
     bool UseCompressedClassPointers               = true                           {product lp64_product} {ergonomic}
     bool UseCompressedOops                        = true                           {product lp64_product} {ergonomic}
     bool UseG1GC                                  = true                                      {product} {ergonomic}
     bool UseLargePagesIndividualAllocation        = false                                  {pd product} {ergonomic}

Logging:
Log output configuration:
 #0: stdout all=warning uptime,level,tags
 #1: stderr all=off uptime,level,tags

Environment Variables:
PATH=D:/Full Stack  developer/Git/mingw64/libexec/git-core;D:/Full Stack  developer/Git/mingw64/libexec/git-core;D:\Full Stack  developer\Git\mingw64\bin;D:\Full Stack  developer\Git\usr\bin;C:\Users\Rutvik solanki\bin;C:\Program Files\Common Files\Oracle\Java\javapath;D:\oracle\product\10.2.0\db_1\bin;C:\oracle\product\10.2.0\db_1\bin;C:\Windows\system32;C:\Windows;C:\Windows\System32\Wbem;C:\Windows\System32\WindowsPowerShell\v1.0\;C:\Windows\System32\OpenSSH\;C:\Program Files (x86)\NVIDIA Corporation\PhysX\Common;C:\Program Files\Intel\WiFi\bin\;C:\Program Files\Common Files\Intel\WirelessCommon\;E:\xamp\php;C:\composer;C:\WINDOWS\system32;C:\WINDOWS;C:\WINDOWS\System32\Wbem;C:\WINDOWS\System32\WindowsPowerShell\v1.0\;C:\WINDOWS\System32\OpenSSH\;C:\ProgramData\chocolatey\bin;C:\Program Files\nodejs\;D:\Full Stack  developer\Git\cmd;C:\Program Files\NVIDIA Corporation\NVIDIA NvDLISR;C:\Program Files\dotnet\;C:\Program Files\Docker\Docker\resources\bin;C:\Program Files\MySQL\MySQL Shell 8.0\bin\;C:\xampp\htdocs\phpr;C:\Users\Rutvik solanki\AppData\Local\Programs\Microsoft VS Code\bin;C:\Users\Rutvik solanki\AppData\Local\atom\bin;C:\Users\Rutvik solanki\AppData\Roaming\Composer\vendor\bin;C:\Users\Rutvik solanki\AppData\Local\Microsoft\WindowsApps;E:\CODING PRACTICE\IntelliJ IDEA Community Edition 2023.2.2\bin;C:\Users\Rutvik solanki\AppData\Roaming\npm
USERNAME=Rutvik solanki
DISPLAY=:0.0
LC_ALL=en_US.UTF-8
TERM=xterm-256color
TMPDIR=C:\Users\RUTVIK~1\AppData\Local\Temp
OS=Windows_NT
PROCESSOR_IDENTIFIER=Intel64 Family 6 Model 142 Stepping 12, GenuineIntel
TMP=C:\Users\RUTVIK~1\AppData\Local\Temp
TEMP=C:\Users\RUTVIK~1\AppData\Local\Temp



Periodic native trim disabled

JNI global refs:
JNI global refs: 0, weak refs: 0

JNI global refs memory usage: 0, weak refs: 0

OOME stack traces (most recent first):
Classloader memory used:


---------------  S Y S T E M  ---------------

OS:
 Windows 11 , 64 bit Build 22621 (10.0.22621.4391)
OS uptime: 10 days 1:12 hours
Hyper-V role detected

CPU: total 8 (initial active 8) (4 cores per cpu, 2 threads per core) family 6 model 142 stepping 12 microcode 0xde, cx8, cmov, fxsr, ht, mmx, 3dnowpref, sse, sse2, sse3, ssse3, sse4.1, sse4.2, popcnt, lzcnt, tsc, tscinvbit, avx, avx2, aes, erms, clmul, bmi1, bmi2, adx, fma, vzeroupper, clflush, clflushopt, hv
Processor Information for all 8 processors :
  Max Mhz: 1800, Current Mhz: 1600, Mhz Limit: 1584

Memory: 4k page, system-wide physical 8043M (186M free)
TotalPageFile size 25918M (AvailPageFile size 87M)
current process WorkingSet (physical memory assigned to process): 11M, peak: 11M
current process commit charge ("private bytes"): 60M, peak: 186M

vm_info: OpenJDK 64-Bit Server VM (17.0.9+7-b1000.46) for windows-amd64 JRE (17.0.9+7-b1000.46), built on 2023-10-27 by "builduser" with MS VC++ 16.10 / 16.11 (VS2019)

END.
